6
0 0 24 26 8 31 39 27 19 38 4 2 
0 24 2
24 26 2
26 8 2
8 31 2
0 26 0 24 24 26 3
26 31 26 8 8 31 3
31 39 3
39 27 3
27 19 3
19 38 3
38 4 3
4 2 3
0 31 0 26 26 31 4
31 27 31 39 39 27 4
27 38 27 19 19 38 4
38 2 38 4 4 2 4
0 27 0 31 31 27 5
27 2 27 38 38 2 5
0 2 0 27 27 2 6
33 1 34 3 14 40 11 44 6 47 32 28 7 
1 34 2
34 3 2
3 14 2
14 40 2
40 11 2
11 44 2
1 3 1 34 34 3 3
3 40 3 14 14 40 3
40 44 40 11 11 44 3
44 6 3
6 47 3
47 32 3
32 28 3
28 7 3
1 40 1 3 3 40 4
40 6 40 44 44 6 4
6 32 6 47 47 32 4
32 7 32 28 28 7 4
1 6 1 40 40 6 5
6 7 6 32 32 7 5
1 7 1 6 6 7 6
78 3 14 40 11 44 6 
3 14 2
14 40 2
3 40 3 14 14 40 3
40 11 3
11 44 3
44 6 3
3 11 3 40 40 11 4
11 6 11 44 44 6 4
3 6 3 11 11 6 5
79 3 14 40 25 10 41 46 13 
3 14 2
14 40 2
40 25 2
25 10 2
10 41 2
41 46 2
3 40 3 14 14 40 3
40 10 40 25 25 10 3
10 46 10 41 41 46 3
46 13 3
3 10 3 40 40 10 4
10 13 10 46 46 13 4
3 13 3 10 10 13 5
128 5 18 12 21 9 48 11 44 6 
5 18 2
18 12 2
12 21 2
21 9 2
9 48 2
48 11 2
11 44 2
44 6 2
5 12 5 18 18 12 3
12 9 12 21 21 9 3
9 11 9 48 48 11 3
11 6 11 44 44 6 3
5 9 5 12 12 9 4
9 6 9 11 11 6 4
5 6 5 9 9 6 5
195 8 31 39 27 48 9 
8 31 2
31 39 2
8 39 8 31 31 39 3
39 27 3
27 48 3
48 9 3
8 27 8 39 39 27 4
27 9 27 48 48 9 4
8 9 8 27 27 9 5